build/app/intermediates/proguard-rules/release/aapt_rules.txt
# Referenced at merged_manifests/release/AndroidManifest.xml:17
-keep class androidx.core.app.CoreComponentFactory { <init>(); }
# Referenced at merged_manifests/release/AndroidManifest.xml:26
-keep class com.kreeda.covidapp.MainActivity { <init>(); }
# Referenced at merged_manifests/release/AndroidManifest.xml:17
-keep class io.flutter.app.FlutterApplication { <init>(); }
# Referenced at merged_manifests/release/AndroidManifest.xml:47
-keep class io.flutter.plugins.urllauncher.WebViewActivity { <init>(); }