build/app/outputs/mapping/release/mapping.txt
# compiler: R8
# compiler_version: 1.5.64
# min_api: 16
# pg_map_id: 9f8c931
...
androidx.lifecycle.LiveData$ObserverWrapper -> androidx.lifecycle.d:
androidx.versionedparcelable.ParcelImpl -> androidx.versionedparcelable.ParcelImpl:
    androidx.versionedparcelable.VersionedParcelable mParcel -> a
androidx.versionedparcelable.ParcelImpl$1 -> androidx.versionedparcelable.ParcelImpl$a:
androidx.versionedparcelable.VersionedParcel -> androidx.versionedparcelable.a:
    void closeField() -> a
    java.lang.Class findParcelClass(java.lang.Class) -> a
    byte[] readByteArray(byte[],int) -> a
    boolean readField(int) -> a
    androidx.versionedparcelable.VersionedParcelable readFromParcel(java.lang.String,androidx.versionedparcelable.VersionedParcel) -> a
    int readInt(int,int) -> a
    android.os.Parcelable readParcelable(android.os.Parcelable,int) -> a
    java.lang.String readString(java.lang.String,int) -> a
    void setSerializationFlags(boolean,boolean) -> a
    void writeByteArray(byte[]) -> a
    void writeParcelable(android.os.Parcelable) -> a
    void writeString(java.lang.String) -> a
    void writeToParcel(androidx.versionedparcelable.VersionedParcelable,androidx.versionedparcelable.VersionedParcel) -> a
    void writeVersionedParcelable(androidx.versionedparcelable.VersionedParcelable) -> a
    androidx.versionedparcelable.VersionedParcel createSubParcel() -> b
    java.lang.Class findParcelClass(androidx.versionedparcelable.VersionedParcelable) -> b
    void setOutputField(int) -> b
    void writeByteArray(byte[],int) -> b
    void writeInt(int,int) -> b
    void writeParcelable(android.os.Parcelable,int) -> b
    void writeString(java.lang.String,int) -> b
    boolean isStream() -> c
    void writeInt(int) -> c
    void writeVersionedParcelableCreator(androidx.versionedparcelable.VersionedParcelable) -> c
    byte[] readByteArray() -> d
androidx.versionedparcelable.VersionedParcelParcel -> androidx.versionedparcelable.b:
    android.util.SparseIntArray mPositionLookup -> a
    android.os.Parcel mParcel -> b
    int mCurrentField -> f
    int mNextRead -> g
    int mEnd -> d
    int mOffset -> c
    java.lang.String mPrefix -> e
    void closeField() -> a
    boolean readField(int) -> a
    void writeByteArray(byte[]) -> a
    void writeParcelable(android.os.Parcelable) -> a
    void writeString(java.lang.String) -> a
    androidx.versionedparcelable.VersionedParcel createSubParcel() -> b
    void setOutputField(int) -> b
    void writeInt(int) -> c
    byte[] readByteArray() -> d
    int readUntilField(int) -> d
    int readInt() -> e
    android.os.Parcelable readParcelable() -> f
    java.lang.String readString() -> g
androidx.versionedparcelable.VersionedParcelable -> androidx.versionedparcelable.c:
io.flutter.Log -> a.a.a:
    void w(java.lang.String,java.lang.String) -> a
io.flutter.embedding.engine.FlutterEngine -> io.flutter.embedding.engine.a:
    io.flutter.embedding.engine.plugins.PluginRegistry getPlugins() -> a
io.flutter.embedding.engine.FlutterEngine$EngineLifecycleListener -> io.flutter.embedding.engine.a$a:
    void onPreEngineRestart() -> a
io.flutter.embedding.engine.FlutterJNI$AccessibilityDelegate -> io.flutter.embedding.engine.FlutterJNI$a:
    void updateCustomAccessibilityActions(java.nio.ByteBuffer,java.lang.String[]) -> a
    void updateSemantics(java.nio.ByteBuffer,java.lang.String[]) -> b
io.flutter.embedding.engine.FlutterJNI$AsyncWaitForVsyncDelegate -> io.flutter.embedding.engine.FlutterJNI$b:
    void asyncWaitForVsync(long) -> a
io.flutter.embedding.engine.dart.PlatformMessageHandler -> io.flutter.embedding.engine.b.a:
    void handleMessageFromDart(java.lang.String,byte[],int) -> a
    void handlePlatformMessageResponse(int,byte[]) -> a